<?xml version="1.0" encoding="UTF-8"?>
<!-- Generated by org.testng.reporters.JUnitReportReporter -->
<testsuite skipped="0" hostname="RAHUL-VAIO" name="com.qa.test.testcases.LoginPageTest" tests="2" failures="0" timestamp="12 Jan 2019 09:22:56 GMT" time="23.910" errors="0">
  <testcase name="validateLoginPageTitle" time="10.618" classname="com.qa.test.testcases.LoginPageTest"/>
  <testcase name="validateLogin" time="13.292" classname="com.qa.test.testcases.LoginPageTest"/>
</testsuite> <!-- com.qa.test.testcases.LoginPageTest -->
